<?xml version="1.0" encoding="UTF-8"?>
<testng-results ignored="1" total="5" passed="4" failed="0" skipped="0">
  <reporter-output>
  </reporter-output>
  <suite started-at="2022-07-29T21:37:23 EDT" name="Suite" finished-at="2022-07-29T21:37:54 EDT" duration-ms="30321">
    <groups>
    </groups>
    <test started-at="2022-07-29T21:37:23 EDT" name="Test" finished-at="2022-07-29T21:37:54 EDT" duration-ms="30321">
      <class name="craftsoftware.Testone">
        <test-method signature="initBrowser()[pri:0, instance:craftsoftware.Testone@9d157ff]" started-at="2022-07-29T21:37:24 EDT" name="initBrowser" finished-at="2022-07-29T21:37:31 EDT" duration-ms="7204" status="PASS">
          <reporter-output>
          </reporter-output>
        </test-method> <!-- initBrowser -->
        <test-method signature="landingPage()[pri:0, instance:craftsoftware.Testone@9d157ff]" started-at="2022-07-29T21:37:31 EDT" name="landingPage" finished-at="2022-07-29T21:37:31 EDT" duration-ms="506" status="PASS">
          <reporter-output>
          </reporter-output>
        </test-method> <!-- landingPage -->
        <test-method signature="loginPage()[pri:0, instance:craftsoftware.Testone@9d157ff]" started-at="2022-07-29T21:37:31 EDT" name="loginPage" finished-at="2022-07-29T21:37:38 EDT" duration-ms="6339" status="PASS">
          <reporter-output>
          </reporter-output>
        </test-method> <!-- loginPage -->
        <test-method signature="productPage()[pri:0, instance:craftsoftware.Testone@9d157ff]" started-at="2022-07-29T21:37:38 EDT" name="productPage" finished-at="2022-07-29T21:37:54 EDT" duration-ms="16178" status="PASS">
          <reporter-output>
          </reporter-output>
        </test-method> <!-- productPage -->
      </class> <!-- craftsoftware.Testone -->
    </test> <!-- Test -->
  </suite> <!-- Suite -->
</testng-results>
