<?xml version="1.0" encoding="UTF-8"?>
<!-- Generated by org.testng.reporters.JUnitXMLReporter -->
<testsuite ignored="1" hostname="LAPTOP-V8SCU2VI" failures="0" tests="4" name="Test" time="30.321" errors="0" timestamp="2022-07-29T21:37:54 EDT">
  <testcase classname="craftsoftware.Testone" name="initBrowser" time="7.204"/>
  <testcase classname="craftsoftware.Testone" name="landingPage" time="0.506"/>
  <testcase classname="craftsoftware.Testone" name="loginPage" time="6.339"/>
  <testcase classname="craftsoftware.Testone" name="productPage" time="16.178"/>
  <testcase classname="craftsoftware.Testone" name="registrationPage" time="0.0">
    <ignored/>
  </testcase> <!-- registrationPage -->
</testsuite> <!-- Test -->
